C:\USERS\HP\DESKTOP\FORMGRABBER\DLL\DEBUG\SOURCE.OBJ
C:\USERS\HP\DESKTOP\FORMGRABBER\DLL\DEBUG\VC110.PDB
C:\USERS\HP\DESKTOP\FORMGRABBER\DLL\DEBUG\DLL.ILK
C:\USERS\HP\DESKTOP\FORMGRABBER\DLL\DEBUG\DLL.DLL
C:\USERS\HP\DESKTOP\FORMGRABBER\DLL\DEBUG\DLL.PDB
C:\Users\HP\Desktop\FormGrabber\Dll\Debug\Source.obj
C:\Users\HP\Desktop\FormGrabber\Dll\Debug\Dll.ilk
C:\Users\HP\Desktop\FormGrabber\Dll\Debug\cl.command.1.tlog
C:\Users\HP\Desktop\FormGrabber\Dll\Debug\CL.read.1.tlog
C:\Users\HP\Desktop\FormGrabber\Dll\Debug\CL.write.1.tlog
C:\Users\HP\Desktop\FormGrabber\Dll\Debug\link-cvtres.read.1.tlog
C:\Users\HP\Desktop\FormGrabber\Dll\Debug\link-cvtres.write.1.tlog
C:\Users\HP\Desktop\FormGrabber\Dll\Debug\link-rc.read.1.tlog
C:\Users\HP\Desktop\FormGrabber\Dll\Debug\link-rc.write.1.tlog
C:\Users\HP\Desktop\FormGrabber\Dll\Debug\link.command.1.tlog
C:\Users\HP\Desktop\FormGrabber\Dll\Debug\link.read.1.tlog
C:\Users\HP\Desktop\FormGrabber\Dll\Debug\link.write.1.tlog
C:\Users\HP\Desktop\FormGrabber\Dll\Debug\vc110.idb
C:\Users\HP\Desktop\FormGrabber\Dll\Debug\Dll.pdb
C:\Users\HP\Desktop\FormGrabber\Dll\Debug\vc110.pdb
C:\Users\HP\Desktop\FormGrabber\Dll\Debug\Dll.dll
